<?xml version="1.0" encoding="UTF-8"?>
<!-- Generated by org.testng.reporters.JUnitReportReporter -->
<testsuite hostname="ELF34-SartajAzeez" failures="0" tests="1" name="mavenpractise.Launchingbroswer2Test" time="25.444" errors="0" timestamp="2022-06-12T21:05:09 IST" skipped="0">
  <testcase classname="mavenpractise.Launchingbroswer2Test" name="TC" time="25.444"/>
  <system-out/>
</testsuite> <!-- mavenpractise.Launchingbroswer2Test -->
