<?xml version="1.0" encoding="UTF-8"?>
<!-- Generated by org.testng.reporters.JUnitReportReporter -->
<testsuite hostname="ELF34-SartajAzeez" failures="0" tests="1" name="mavenpractise.DemoWebShop_addToCart" time="13.690" errors="0" timestamp="2022-06-13T09:42:23 IST" skipped="0">
  <testcase classname="mavenpractise.DemoWebShop_addToCart" name="addtocart" time="13.690"/>
  <system-out/>
</testsuite> <!-- mavenpractise.DemoWebShop_addToCart -->
