<?xml version="1.0" encoding="UTF-8"?>
<!-- Generated by org.testng.reporters.JUnitReportReporter -->
<testsuite hostname="ELF34-SartajAzeez" failures="0" tests="1" name="mavenpractise.LaunchingBrowserTest" time="6.679" errors="0" timestamp="2022-06-11T16:14:54 IST" skipped="0">
  <testcase classname="mavenpractise.LaunchingBrowserTest" name="TC" time="6.679"/>
  <system-out/>
</testsuite> <!-- mavenpractise.LaunchingBrowserTest -->
