<?xml version="1.0" encoding="UTF-8"?>
<!-- Generated by org.testng.reporters.JUnitReportReporter -->
<testsuite hostname="ELF34-SartajAzeez" failures="0" tests="1" name="mavenpractise.LaunchingBrowser" time="30.977" errors="0" timestamp="2022-06-11T16:09:40 IST" skipped="0">
  <testcase classname="mavenpractise.LaunchingBrowser" name="TC" time="30.977"/>
  <system-out/>
</testsuite> <!-- mavenpractise.LaunchingBrowser -->
